<?xml version="1.0" encoding="UTF-8"?>
<testng-results skipped="0" failed="0" ignored="0" total="1" passed="1">
  <reporter-output>
    <line>
      <![CDATA[=====Browser Session Started=====]]>
    </line>
    <line>
      <![CDATA[=====Application Started=====]]>
    </line>
    <line>
      <![CDATA[=====Browser Session End=====]]>
    </line>
  </reporter-output>
  <suite name="Default suite" duration-ms="53772" started-at="2020-10-29T22:11:22Z" finished-at="2020-10-29T22:12:16Z">
    <groups>
    </groups>
    <test name="Default test" duration-ms="53772" started-at="2020-10-29T22:11:22Z" finished-at="2020-10-29T22:12:16Z">
      <class name="CodingTask.PrintDictionaryWord.AutomateWebDriver">
        <test-method status="PASS" signature="setupApplication()[pri:0, instance:CodingTask.PrintDictionaryWord.AutomateWebDriver@76f2b07d]" name="setupApplication" is-config="true" duration-ms="28292" started-at="2020-10-29T22:11:22Z" finished-at="2020-10-29T22:11:50Z">
          <reporter-output>
            <line>
              <![CDATA[=====Browser Session Started=====]]>
            </line>
            <line>
              <![CDATA[=====Application Started=====]]>
            </line>
          </reporter-output>
        </test-method> <!-- setupApplication -->
        <test-method status="PASS" signature="getData()[pri:0, instance:CodingTask.PrintDictionaryWord.AutomateWebDriver@76f2b07d]" name="getData" duration-ms="21796" started-at="2020-10-29T22:11:50Z" description="Navigate to WeightWatchers and Print meetings for each person" finished-at="2020-10-29T22:12:12Z">
          <reporter-output>
          </reporter-output>
        </test-method> <!-- getData -->
        <test-method status="PASS" signature="closeApplication()[pri:0, instance:CodingTask.PrintDictionaryWord.AutomateWebDriver@76f2b07d]" name="closeApplication" is-config="true" duration-ms="3613" started-at="2020-10-29T22:12:12Z" finished-at="2020-10-29T22:12:16Z">
          <reporter-output>
            <line>
              <![CDATA[=====Browser Session End=====]]>
            </line>
          </reporter-output>
        </test-method> <!-- closeApplication -->
      </class> <!-- CodingTask.PrintDictionaryWord.AutomateWebDriver -->
    </test> <!-- Default test -->
  </suite> <!-- Default suite -->
</testng-results>
